
ROM used:   1128/16384 (3%)
            1128/16384 (3%) including unused fragments

            0.7 Average locations per line
            6.3 Average locations per statement

RAM used:   12/2048 (1%) at main() level
            58/2048 (3%) worst case

Stack used: 6 worst case (6 in main + 0 for interrupts)
Stack size: 31

Lines Stmts  %   Files
----- ----- ---  -----
   28     8   4  main.c
   12     0   0  main.h
  821     0   0  ..\..\..\..\Program Files (x86)\PICC\Devices\18F4550.h
  300   171  96  processador.c
   37     0   0  ..\..\..\..\Program Files (x86)\PICC\Drivers\stdio.h
  423     0   0  ..\..\..\..\Program Files (x86)\PICC\Drivers\string.h
   32     0   0  ..\..\..\..\Program Files (x86)\PICC\Drivers\stddef.h
   28     0   0  ..\..\..\..\Program Files (x86)\PICC\Drivers\ctype.h
----- -----
 1681   179 Total

Page ROM  %  RAM   Vol Diff  Functions:
---- --- --- ---   --- ----  ----------
0     38   2    1             @delay_ms1
0    170   8    9   678  6.5  process_all
0     10   0    0             @const769
0     10   0    0             @const772
0     80   4    1   285  2.3  get_ventosa
0     72   3    1   285  2.3  set_ventosa
0    196   9    5  1090  5.1  set
0    224  10    5  1153  5.1  get
0     76   3    1   219  2.3  reset
0     34   2    2   174  3.8  b_V
0     34   2    2   174  3.8  b_Q
0     40   2    3   156  3.3  b_S
0    140   6    1   624  4.4  MAIN
 Inline         0             @cinit1

Program metrics:
    Functions               10
    Statements              179
    Comments                313
    Volume (V)              7414
    Difficulty (D)          38.7
    Effort to implement (E) 286773
    Time to implement (T)   4 hours, 26 minutes
    Est Delivered Bugs (B)  1
    Cyclomatic Complexity   22
    Maintainability (MI)    124

 Segment     Used  Free
-----------  ----  ----
00000-00002     4  0  
00004-07FFE  1124  31640  



